\BOOKMARK [0][-]{chapter.1}{Test}{}% 1
\BOOKMARK [1][-]{section.1.1}{\204- firstName \204-}{chapter.1}% 2
\BOOKMARK [2][-]{subsection.1.1.1}{ \204\205 whatever necessary \204-}{section.1.1}% 3
\BOOKMARK [1][-]{section.1.2}{ \204 Motivation PJSem \204- }{chapter.1}% 4
\BOOKMARK [1][-]{section.1.3}{ \204 Problem / Aufgabenstellung PJSem \204- }{chapter.1}% 5
\BOOKMARK [0][-]{chapter.2}{Abstract}{}% 6
\BOOKMARK [0][-]{chapter.3}{Einf\374hrung}{}% 7
\BOOKMARK [1][-]{section.3.1}{\204 name in inhaltsverzeichnis \204}{chapter.3}% 8
\BOOKMARK [2][-]{subsection.3.1.1}{ \204\205 whatever necessary \204-}{section.3.1}% 9
\BOOKMARK [1][-]{section.3.2}{ \204 Motivation PJSem \204- }{chapter.3}% 10
\BOOKMARK [1][-]{section.3.3}{ \204 Problem / Aufgabenstellung PJSem \204- }{chapter.3}% 11
\BOOKMARK [0][-]{chapter.4}{Vorgehen}{}% 12
\BOOKMARK [1][-]{section.4.1}{\204setup \204}{chapter.4}% 13
\BOOKMARK [1][-]{section.4.2}{ \204 Konventionen / Dokumentation \204- }{chapter.4}% 14
\BOOKMARK [1][-]{section.4.3}{ \204 Ger\344tekommunikation \204- }{chapter.4}% 15
\BOOKMARK [2][-]{subsection.4.3.1}{\204 offene Punkte\204}{section.4.3}% 16
\BOOKMARK [0][-]{chapter.5}{Code-Design}{}% 17
\BOOKMARK [1][-]{section.5.1}{\204- Motivation / Begr\374ndung \204-}{chapter.5}% 18
\BOOKMARK [1][-]{section.5.2}{ \204 Aspekte des Desings \204- }{chapter.5}% 19
\BOOKMARK [2][-]{subsection.5.2.1}{\204 Struktur \205 ?}{section.5.2}% 20
\BOOKMARK [2][-]{subsection.5.2.2}{\204 TDD und Mock-System \204 }{section.5.2}% 21
\BOOKMARK [2][-]{subsection.5.2.3}{Offene Punkte}{section.5.2}% 22
\BOOKMARK [0][-]{chapter.6}{Optimierung}{}% 23
\BOOKMARK [1][-]{section.6.1}{\204- Theorie \204-}{chapter.6}% 24
\BOOKMARK [1][-]{section.6.2}{ \204 Opti \334bertragungsfkt \205}{chapter.6}% 25
\BOOKMARK [1][-]{section.6.3}{\204 Opti Kennlinie \205}{chapter.6}% 26
\BOOKMARK [0][-]{chapter.7}{Fazit}{}% 27
\BOOKMARK [0][-]{chapter.8}{Ausblick}{}% 28
\BOOKMARK [1][-]{section.8.1}{\204- Optimierung \204-}{chapter.8}% 29
\BOOKMARK [1][-]{section.8.2}{\204 Ger\344tekomm\204}{chapter.8}% 30
\BOOKMARK [0][-]{chapter.9}{\204 Anhang \204}{}% 31
