\BOOKMARK [0][-]{chapter.1}{Abstract}{}% 1
\BOOKMARK [0][-]{chapter.2}{Einf\374hrung}{}% 2
\BOOKMARK [1][-]{section.2.1}{Modell und Konvention}{chapter.2}% 3
\BOOKMARK [2][-]{subsection.2.1.1}{Hammerstein Modell}{section.2.1}% 4
\BOOKMARK [1][-]{section.2.2}{Motivation}{chapter.2}% 5
\BOOKMARK [1][-]{section.2.3}{Aufgabenstellung}{chapter.2}% 6
\BOOKMARK [0][-]{chapter.3}{Vorgehen}{}% 7
\BOOKMARK [1][-]{section.3.1}{Vorhandene Implementierung}{chapter.3}% 8
\BOOKMARK [2][-]{subsection.3.1.1}{Python}{section.3.1}% 9
\BOOKMARK [2][-]{subsection.3.1.2}{MATLAB}{section.3.1}% 10
\BOOKMARK [1][-]{section.3.2}{Funktionalit\344t reproduzieren}{chapter.3}% 11
\BOOKMARK [1][-]{section.3.3}{Funktionalit\344t erweitern}{chapter.3}% 12
\BOOKMARK [2][-]{subsection.3.3.1}{Erste Optimierungs Idee}{section.3.3}% 13
\BOOKMARK [0][-]{chapter.4}{Ger\344tekommunikation}{}% 14
\BOOKMARK [1][-]{section.4.1}{Laufzeitoptimierung}{chapter.4}% 15
\BOOKMARK [1][-]{section.4.2}{Anpassung der horizontalen Aufl\366sung am Oszilloskop}{chapter.4}% 16
\BOOKMARK [0][-]{chapter.5}{Code-Design}{}% 17
\BOOKMARK [1][-]{section.5.1}{Motivation}{chapter.5}% 18
\BOOKMARK [1][-]{section.5.2}{Aufbau}{chapter.5}% 19
\BOOKMARK [1][-]{section.5.3}{Methodik}{chapter.5}% 20
\BOOKMARK [2][-]{subsection.5.3.1}{Test Driven Development}{section.5.3}% 21
\BOOKMARK [2][-]{subsection.5.3.2}{Mock-System}{section.5.3}% 22
\BOOKMARK [0][-]{chapter.6}{Iterative Optimierung des Hammerstein-Modells}{}% 23
\BOOKMARK [1][-]{section.6.1}{Optimierung der linearen \334bertragungsfunktion H}{chapter.6}% 24
\BOOKMARK [2][-]{subsection.6.1.1}{Fehlerquellen}{section.6.1}% 25
\BOOKMARK [2][-]{subsection.6.1.2}{Umgang mit Fehlerquellen}{section.6.1}% 26
\BOOKMARK [2][-]{subsection.6.1.3}{Auswertung}{section.6.1}% 27
\BOOKMARK [1][-]{section.6.2}{Optimierung der nichtlinearen Kennlinie K}{chapter.6}% 28
\BOOKMARK [2][-]{subsection.6.2.1}{Erster Ansatz}{section.6.2}% 29
\BOOKMARK [2][-]{subsection.6.2.2}{Zweiter Ansatz}{section.6.2}% 30
\BOOKMARK [0][-]{chapter.7}{Fazit}{}% 31
\BOOKMARK [0][-]{chapter.8}{Ausblick}{}% 32
\BOOKMARK [1][-]{section.8.1}{Impressionen zum Code}{chapter.8}% 33
\BOOKMARK [1][-]{section.8.2}{Ausblick: Optimierung}{chapter.8}% 34
\BOOKMARK [0][-]{chapter.9}{Anhang}{}% 35
